<?xml version="1.0" encoding="UTF-8"?>
<robot generator="Robot 6.0.1 (Python 3.11.1 on win32)" generated="20221227 11:36:51.756" rpa="false" schemaversion="3">
<suite id="s1" name="Teste" source="C:\Users\joaog\.vscode\cursoRobot\teste.robot">
<test id="s1-t1" name="Cenário 1: Acessando o site do Robot" line="13">
<kw name="Abrir Site">
<kw name="Open Browser" library="SeleniumLibrary">
<arg>https://robotframework.org/</arg>
<arg>chrome</arg>
<doc>Opens a new browser instance to the optional ``url``.</doc>
<msg timestamp="20221227 11:36:51.965" level="INFO">Opening browser 'chrome' to base url 'https://robotframework.org/'.</msg>
<status status="PASS" starttime="20221227 11:36:51.965" endtime="20221227 11:36:58.995"/>
</kw>
<status status="PASS" starttime="20221227 11:36:51.965" endtime="20221227 11:36:58.995"/>
</kw>
<status status="PASS" starttime="20221227 11:36:51.964" endtime="20221227 11:36:58.995"/>
</test>
<status status="PASS" starttime="20221227 11:36:51.757" endtime="20221227 11:36:58.995"/>
</suite>
<statistics>
<total>
<stat pass="1" fail="0" skip="0">All Tests</stat>
</total>
<tag>
</tag>
<suite>
<stat pass="1" fail="0" skip="0" id="s1" name="Teste">Teste</stat>
</suite>
</statistics>
<errors>
</errors>
</robot>
